INFO  time: initialize in 0.67s
WARN  no build tool detected in workspace 'c:\xampp\htdocs\rp-codeigniter'. The most common cause for this problem is that the editor was opened in the wrong working directory, for example if you use sbt then the workspace directory should contain build.sbt. 
WARN  no build target: c:\Users\SupremeNet\Desktop\17000149\q4.scala
WARN  no build target: c:\Users\SupremeNet\Desktop\17000149\q4.scala
INFO  no build target: using presentation compiler with only scala-library
WARN  no build target: c:\Users\SupremeNet\Desktop\17000149\q1.scala
WARN  no build target: c:\Users\SupremeNet\Desktop\17000149\q2.scala
WARN  no build target: c:\Users\SupremeNet\Desktop\17000149\q3.scala
WARN  no build target: c:\Users\SupremeNet\Desktop\17000149\q2.scala
WARN  no build target: c:\Users\SupremeNet\Desktop\17000149\q2.scala
WARN  no build target: c:\Users\SupremeNet\Desktop\17000149\q2.scala
WARN  no build target: c:\Users\SupremeNet\Desktop\17000149\q2.scala
WARN  no build target: c:\Users\SupremeNet\Desktop\17000149\q2.scala
WARN  no build target: c:\Users\SupremeNet\Desktop\17000149\q2.scala
WARN  no build target: c:\Users\SupremeNet\Desktop\17000149\q2.scala
WARN  no build target: c:\Users\SupremeNet\Desktop\17000149\q2.scala
WARN  no build target: c:\Users\SupremeNet\Desktop\17000149\q2.scala
WARN  no build target: c:\Users\SupremeNet\Desktop\17000149\q2.scala
WARN  no build target: c:\Users\SupremeNet\Desktop\17000149\q2.scala
WARN  no build target: c:\Users\SupremeNet\Desktop\17000149\q2.scala
WARN  no build target: c:\Users\SupremeNet\Desktop\17000149\q2.scala
WARN  no build target: c:\Users\SupremeNet\Desktop\17000149\q2.scala
WARN  no build target: c:\Users\SupremeNet\Desktop\17000149\q2.scala
WARN  no build target: c:\Users\SupremeNet\Desktop\17000149\q2.scala
WARN  no build target: c:\Users\SupremeNet\Desktop\17000149\q2.scala
WARN  no build target: c:\Users\SupremeNet\Desktop\17000149\q2.scala
WARN  no build target: c:\Users\SupremeNet\Desktop\17000149\q2.scala
WARN  no build target: c:\Users\SupremeNet\Desktop\17000149\q2.scala
WARN  no build tool detected in workspace 'c:\xampp\htdocs\rp-codeigniter'. The most common cause for this problem is that the editor was opened in the wrong working directory, for example if you use sbt then the workspace directory should contain build.sbt. 
WARN  no build target: c:\Users\SupremeNet\Desktop\17000149\q2.scala
WARN  no build target: c:\Users\SupremeNet\Desktop\17000149\q4.scala
WARN  no build target: c:\Users\SupremeNet\Desktop\17000149\q4.scala
WARN  no build target: c:\Users\SupremeNet\Desktop\17000149\q4.scala
WARN  no build target: c:\Users\SupremeNet\Desktop\17000149\q4.scala
WARN  no build target: c:\Users\SupremeNet\Desktop\17000149\q4.scala
WARN  no build target: c:\Users\SupremeNet\Desktop\17000149\q4.scala
WARN  no build target: c:\Users\SupremeNet\Desktop\17000149\q4.scala
WARN  no build target: c:\Users\SupremeNet\Desktop\17000149\q4.scala
WARN  no build target: c:\Users\SupremeNet\Desktop\17000149\q4.scala
WARN  no build target: c:\Users\SupremeNet\Desktop\17000149\q4.scala
WARN  no build target: c:\Users\SupremeNet\Desktop\17000149\q4.scala
WARN  no build target: c:\Users\SupremeNet\Desktop\17000149\q4.scala
WARN  no build target: c:\Users\SupremeNet\Desktop\17000149\q4.scala
WARN  no build target: c:\Users\SupremeNet\Desktop\17000149\q4.scala
WARN  no build target: c:\Users\SupremeNet\Desktop\17000149\q4.scala
WARN  no build target: c:\Users\SupremeNet\Desktop\17000149\q4.scala
WARN  no build target: c:\Users\SupremeNet\Desktop\17000149\q4.scala
WARN  no build target: c:\Users\SupremeNet\Desktop\17000149\q4.scala
WARN  no build target: c:\Users\SupremeNet\Desktop\17000149\q4.scala
WARN  no build target: c:\Users\SupremeNet\Desktop\17000149\q4.scala
WARN  no build target: c:\Users\SupremeNet\Desktop\17000149\q4.scala
WARN  no build target: c:\Users\SupremeNet\Desktop\17000149\q4.scala
WARN  no build target: c:\Users\SupremeNet\Desktop\17000149\q4.scala
WARN  no build target: c:\Users\SupremeNet\Desktop\17000149\q4.scala
WARN  no build target: c:\Users\SupremeNet\Desktop\17000149\q4.scala
WARN  no build target: c:\Users\SupremeNet\Desktop\17000149\q4.scala
WARN  no build target: c:\Users\SupremeNet\Desktop\17000149\q4.scala
WARN  no build target: c:\Users\SupremeNet\Desktop\17000149\q4.scala
WARN  no build target: c:\Users\SupremeNet\Desktop\17000149\q4.scala
WARN  no build target: c:\Users\SupremeNet\Desktop\17000149\q4.scala
WARN  no build target: c:\Users\SupremeNet\Desktop\17000149\q4.scala
WARN  no build target: c:\Users\SupremeNet\Desktop\17000149\q4.scala
WARN  no build target: c:\Users\SupremeNet\Desktop\17000149\q4.scala
WARN  no build target: c:\Users\SupremeNet\Desktop\17000149\q4.scala
WARN  no build target: c:\Users\SupremeNet\Desktop\17000149\q4.scala
WARN  no build target: c:\Users\SupremeNet\Desktop\17000149\q4.scala
WARN  no build target: c:\Users\SupremeNet\Desktop\17000149\q4.scala
something's wrong: no file:///c%3A/Users/SupremeNet/Desktop/17000149/q4.scala in Array[Char]RangePosition(file:///c%3A/Users/SupremeNet/Desktop/17000149/q4.scala, 243, 243, 254)
WARN  no build target: c:\Users\SupremeNet\Desktop\17000149\q4.scala
WARN  no build target: c:\Users\SupremeNet\Desktop\17000149\q4.scala
WARN  no build target: c:\Users\SupremeNet\Desktop\17000149\q4.scala
WARN  no build target: c:\Users\SupremeNet\Desktop\17000149\q4.scala
WARN  no build target: c:\Users\SupremeNet\Desktop\17000149\q4.scala
WARN  no build target: c:\Users\SupremeNet\Desktop\17000149\q4.scala
WARN  no build target: c:\Users\SupremeNet\Desktop\17000149\q4.scala
WARN  no build target: c:\Users\SupremeNet\Desktop\17000149\q4.scala
WARN  no build target: c:\Users\SupremeNet\Desktop\17000149\q4.scala
WARN  no build target: c:\Users\SupremeNet\Desktop\17000149\q4.scala
WARN  no build target: c:\Users\SupremeNet\Desktop\17000149\q4.scala
WARN  no build target: c:\Users\SupremeNet\Desktop\17000149\q4.scala
WARN  no build target: c:\Users\SupremeNet\Desktop\17000149\q4.scala
WARN  no build target: c:\Users\SupremeNet\Desktop\17000149\q4.scala
WARN  no build target: c:\Users\SupremeNet\Desktop\17000149\q4.scala
WARN  no build target: c:\Users\SupremeNet\Desktop\17000149\q4.scala
WARN  no build target: c:\Users\SupremeNet\Desktop\17000149\q4.scala
WARN  no build target: c:\Users\SupremeNet\Desktop\17000149\q4.scala
WARN  no build target: c:\Users\SupremeNet\Desktop\17000149\q4.scala
WARN  no build target: c:\Users\SupremeNet\Desktop\17000149\q4.scala
Jun 13, 2019 8:08:27 PM org.eclipse.lsp4j.jsonrpc.RemoteEndpoint handleCancellation
WARNING: Unmatched cancel notification for request id 485
WARN  no build target: c:\Users\SupremeNet\Desktop\17000149\q4.scala
WARN  no build target: c:\Users\SupremeNet\Desktop\17000149\q4.scala
WARN  no build target: c:\Users\SupremeNet\Desktop\17000149\q4.scala
WARN  no build target: c:\Users\SupremeNet\Desktop\17000149\q4.scala
Jun 13, 2019 8:27:01 PM org.eclipse.lsp4j.jsonrpc.RemoteEndpoint handleCancellation
WARNING: Unmatched cancel notification for request id 538
WARN  no build target: c:\Users\SupremeNet\Desktop\17000149\q4.scala
WARN  no build target: c:\Users\SupremeNet\Desktop\17000149\q4.scala
WARN  no build target: c:\Users\SupremeNet\Desktop\17000149\q4.scala
WARN  no build target: c:\Users\SupremeNet\Desktop\17000149\q4.scala
WARN  no build target: c:\Users\SupremeNet\Desktop\17000149\q4.scala
WARN  no build target: c:\Users\SupremeNet\Desktop\17000149\q4.scala
WARN  no build target: c:\Users\SupremeNet\Desktop\17000149\q4.scala
WARN  no build target: c:\Users\SupremeNet\Desktop\17000149\q4.scala
WARN  no build target: c:\Users\SupremeNet\Desktop\17000149\q4.scala
WARN  no build target: c:\Users\SupremeNet\Desktop\17000149\q4.scala
WARN  no build target: c:\Users\SupremeNet\Desktop\17000149\q4.scala
WARN  no build target: c:\Users\SupremeNet\Desktop\17000149\q4.scala
WARN  no build target: c:\Users\SupremeNet\Desktop\17000149\q4.scala
WARN  no build target: c:\Users\SupremeNet\Desktop\17000149\q4.scala
WARN  no build target: c:\Users\SupremeNet\Desktop\17000149\q4.scala
WARN  no build target: c:\Users\SupremeNet\Desktop\17000149\q4.scala
WARN  no build target: c:\Users\SupremeNet\Desktop\17000149\q4.scala
WARN  no build target: c:\Users\SupremeNet\Desktop\17000149\q4.scala
WARN  no build target: c:\Users\SupremeNet\Desktop\17000149\q4.scala
WARN  no build target: c:\Users\SupremeNet\Desktop\17000149\q4.scala
WARN  no build target: c:\Users\SupremeNet\Desktop\17000149\q4.scala
WARN  no build target: c:\Users\SupremeNet\Desktop\17000149\q4.scala
WARN  no build target: c:\Users\SupremeNet\Desktop\17000149\q4.scala
WARN  no build target: c:\Users\SupremeNet\Desktop\17000149\q4.scala
WARN  no build target: c:\Users\SupremeNet\Desktop\17000149\q4.scala
WARN  no build target: c:\Users\SupremeNet\Desktop\17000149\q4.scala
WARN  no build target: c:\Users\SupremeNet\Desktop\17000149\q4.scala
WARN  no build target: c:\Users\SupremeNet\Desktop\17000149\q4.scala
WARN  no build target: c:\Users\SupremeNet\Desktop\17000149\q4.scala
WARN  no build target: c:\Users\SupremeNet\Desktop\17000149\q4.scala
WARN  no build target: c:\Users\SupremeNet\Desktop\17000149\q4.scala
WARN  no build target: c:\Users\SupremeNet\Desktop\17000149\q4.scala
WARN  no build target: c:\Users\SupremeNet\Desktop\17000149\q4.scala
WARN  no build target: c:\Users\SupremeNet\Desktop\17000149\q4.scala
WARN  no build target: c:\Users\SupremeNet\Desktop\17000149\q4.scala
WARN  no build target: c:\Users\SupremeNet\Desktop\17000149\q4.scala
WARN  no build target: c:\Users\SupremeNet\Desktop\17000149\q4.scala
WARN  no build target: c:\Users\SupremeNet\Desktop\17000149\q4.scala
WARN  no build target: c:\Users\SupremeNet\Desktop\17000149\q4.scala
WARN  no build target: c:\Users\SupremeNet\Desktop\17000149\q4.scala
WARN  no build target: c:\Users\SupremeNet\Desktop\17000149\q4.scala
WARN  no build target: c:\Users\SupremeNet\Desktop\17000149\q4.scala
WARN  no build target: c:\Users\SupremeNet\Desktop\17000149\q4.scala
WARN  no build target: c:\Users\SupremeNet\Desktop\17000149\q4.scala
WARN  no build target: c:\Users\SupremeNet\Desktop\17000149\q4.scala
WARN  no build target: c:\Users\SupremeNet\Desktop\17000149\q4.scala
WARN  no build target: c:\Users\SupremeNet\Desktop\17000149\q4.scala
WARN  no build target: c:\Users\SupremeNet\Desktop\17000149\q4.scala
WARN  no build target: c:\Users\SupremeNet\Desktop\17000149\q4.scala
WARN  no build target: c:\Users\SupremeNet\Desktop\17000149\q4.scala
WARN  no build target: c:\Users\SupremeNet\Desktop\17000149\q4.scala
WARN  no build target: c:\Users\SupremeNet\Desktop\17000149\q4.scala
WARN  no build target: c:\Users\SupremeNet\Desktop\17000149\q4.scala
WARN  no build target: c:\Users\SupremeNet\Desktop\17000149\q4.scala
WARN  no build target: c:\Users\SupremeNet\Desktop\17000149\q4.scala
WARN  no build target: c:\Users\SupremeNet\Desktop\17000149\q4.scala
WARN  no build target: c:\Users\SupremeNet\Desktop\17000149\q4.scala
WARN  no build target: c:\Users\SupremeNet\Desktop\17000149\q4.scala
WARN  no build target: c:\Users\SupremeNet\Desktop\17000149\q4.scala
WARN  no build target: c:\Users\SupremeNet\Desktop\17000149\q4.scala
WARN  no build target: c:\Users\SupremeNet\Desktop\17000149\q4.scala
WARN  no build target: c:\Users\SupremeNet\Desktop\17000149\q4.scala
WARN  no build target: c:\Users\SupremeNet\Desktop\17000149\q4.scala
WARN  no build target: c:\Users\SupremeNet\Desktop\17000149\q4.scala
WARN  no build target: c:\Users\SupremeNet\Desktop\17000149\q4.scala
WARN  no build target: c:\Users\SupremeNet\Desktop\17000149\q4.scala
WARN  no build target: c:\Users\SupremeNet\Desktop\17000149\q4.scala
WARN  no build target: c:\Users\SupremeNet\Desktop\17000149\q4.scala
WARN  no build target: c:\Users\SupremeNet\Desktop\17000149\q4.scala
WARN  no build target: c:\Users\SupremeNet\Desktop\17000149\q4.scala
WARN  no build target: c:\Users\SupremeNet\Desktop\17000149\q4.scala
WARN  no build target: c:\Users\SupremeNet\Desktop\17000149\q4.scala
WARN  no build target: c:\Users\SupremeNet\Desktop\17000149\q4.scala
WARN  no build target: c:\Users\SupremeNet\Desktop\17000149\q4.scala
WARN  no build target: c:\Users\SupremeNet\Desktop\17000149\q4.scala
WARN  no build target: c:\Users\SupremeNet\Desktop\17000149\q4.scala
WARN  no build target: c:\Users\SupremeNet\Desktop\17000149\q4.scala
WARN  no build target: c:\Users\SupremeNet\Desktop\17000149\q4.scala
WARN  no build target: c:\Users\SupremeNet\Desktop\17000149\q4.scala
WARN  no build target: c:\Users\SupremeNet\Desktop\17000149\q4.scala
WARN  no build target: c:\Users\SupremeNet\Desktop\17000149\q4.scala
WARN  no build target: c:\Users\SupremeNet\Desktop\17000149\q4.scala
WARN  no build target: c:\Users\SupremeNet\Desktop\17000149\q4.scala
WARN  no build target: c:\Users\SupremeNet\Desktop\17000149\q4.scala
WARN  no build target: c:\Users\SupremeNet\Desktop\17000149\q4.scala
WARN  no build target: c:\Users\SupremeNet\Desktop\17000149\q4.scala
WARN  no build target: c:\Users\SupremeNet\Desktop\17000149\q4.scala
WARN  no build target: c:\Users\SupremeNet\Desktop\17000149\q4.scala
WARN  no build target: c:\Users\SupremeNet\Desktop\17000149\q4.scala
WARN  no build target: c:\Users\SupremeNet\Desktop\17000149\q4.scala
WARN  no build target: c:\Users\SupremeNet\Desktop\17000149\q4.scala
WARN  no build target: c:\Users\SupremeNet\Desktop\17000149\q4.scala
WARN  no build target: c:\Users\SupremeNet\Desktop\17000149\q4.scala
WARN  no build target: c:\Users\SupremeNet\Desktop\17000149\q4.scala
WARN  no build target: c:\Users\SupremeNet\Desktop\17000149\q4.scala
WARN  no build target: c:\Users\SupremeNet\Desktop\17000149\q4.scala
WARN  no build target: c:\Users\SupremeNet\Desktop\17000149\q4.scala
WARN  no build target: c:\Users\SupremeNet\Desktop\17000149\q4.scala
WARN  no build target: c:\Users\SupremeNet\Desktop\17000149\q4.scala
WARN  no build target: c:\Users\SupremeNet\Desktop\17000149\q4.scala
WARN  no build target: c:\Users\SupremeNet\Desktop\17000149\q4.scala
WARN  no build target: c:\Users\SupremeNet\Desktop\17000149\q4.scala
WARN  no build target: c:\Users\SupremeNet\Desktop\17000149\q4.scala
WARN  no build target: e:\tutoral3\tutoral3\q4.scala
WARN  no build tool detected in workspace 'c:\xampp\htdocs\rp-codeigniter'. The most common cause for this problem is that the editor was opened in the wrong working directory, for example if you use sbt then the workspace directory should contain build.sbt. 
WARN  no build tool detected in workspace 'c:\xampp\htdocs\rp-codeigniter'. The most common cause for this problem is that the editor was opened in the wrong working directory, for example if you use sbt then the workspace directory should contain build.sbt. 
WARN  no build target: c:\Users\SupremeNet\Desktop\17000149\q4.scala
Jun 13, 2019 11:44:02 PM scala.meta.internal.pc.CompilerAccess handleError
SEVERE: null
java.lang.NullPointerException
	at scala.meta.internal.pc.HoverProvider.hover(HoverProvider.scala:37)

WARN  no build tool detected in workspace 'c:\xampp\htdocs\rp-codeigniter'. The most common cause for this problem is that the editor was opened in the wrong working directory, for example if you use sbt then the workspace directory should contain build.sbt. 
WARN  no build target: c:\Users\SupremeNet\Desktop\17000149\q4.scala
WARN  no build target: c:\Users\SupremeNet\Desktop\17000149\q4.scala
WARN  no build target: c:\Users\SupremeNet\Desktop\17000149\q4.scala
WARN  no build target: c:\Users\SupremeNet\Desktop\17000149\q4.scala
WARN  no build target: c:\Users\SupremeNet\Desktop\17000149\q4.scala
WARN  no build target: c:\Users\SupremeNet\Desktop\17000149\q4.scala
WARN  no build tool detected in workspace 'c:\xampp\htdocs\rp-codeigniter'. The most common cause for this problem is that the editor was opened in the wrong working directory, for example if you use sbt then the workspace directory should contain build.sbt. 
WARN  no build target: c:\Users\SupremeNet\Desktop\17000149\q4.scala
WARN  no build target: c:\Users\SupremeNet\Desktop\17000149\q4.scala
WARN  no build target: c:\Users\SupremeNet\Desktop\17000149\q4.scala
WARN  no build target: c:\Users\SupremeNet\Desktop\17000149\q4.scala
WARN  no build target: c:\Users\SupremeNet\Desktop\17000149\q4.scala
WARN  no build target: c:\Users\SupremeNet\Desktop\17000149\q4.scala
WARN  no build target: c:\Users\SupremeNet\Desktop\17000149\q4.scala
WARN  no build target: c:\Users\SupremeNet\Desktop\17000149\q4.scala
WARN  no build target: c:\Users\SupremeNet\Desktop\17000149\q4.scala
WARN  no build target: c:\Users\SupremeNet\Desktop\17000149\q4.scala
WARN  no build target: c:\Users\SupremeNet\Desktop\17000149\q4.scala
WARN  no build target: c:\Users\SupremeNet\Desktop\17000149\q4.scala
WARN  no build target: c:\Users\SupremeNet\Desktop\17000149\q4.scala
WARN  no build target: c:\Users\SupremeNet\Desktop\17000149\q4.scala
WARN  no build target: c:\Users\SupremeNet\Desktop\17000149\q4.scala
WARN  no build tool detected in workspace 'c:\xampp\htdocs\rp-codeigniter'. The most common cause for this problem is that the editor was opened in the wrong working directory, for example if you use sbt then the workspace directory should contain build.sbt. 
WARN  no build tool detected in workspace 'c:\xampp\htdocs\rp-codeigniter'. The most common cause for this problem is that the editor was opened in the wrong working directory, for example if you use sbt then the workspace directory should contain build.sbt. 
WARN  no build target: c:\Users\SupremeNet\Desktop\17000149\q4.scala
WARN  no build target: c:\Users\SupremeNet\Desktop\17000149\q4.scala
WARN  no build target: c:\Users\SupremeNet\Desktop\17000149\q4.scala
WARN  no build target: c:\Users\SupremeNet\Desktop\17000149\q4.scala
WARN  no build target: c:\Users\SupremeNet\Desktop\17000149\q4.scala
WARN  no build target: c:\Users\SupremeNet\Desktop\17000149\q4.scala
WARN  no build target: c:\Users\SupremeNet\Desktop\17000149\q4.scala
WARN  no build target: c:\Users\SupremeNet\Desktop\17000149\q4.scala
WARN  no build target: c:\Users\SupremeNet\Desktop\17000149\q4.scala
WARN  no build target: c:\Users\SupremeNet\Desktop\17000149\q4.scala
WARN  no build target: c:\Users\SupremeNet\Desktop\17000149\q4.scala
WARN  no build target: c:\Users\SupremeNet\Desktop\17000149\q4.scala
WARN  no build target: c:\Users\SupremeNet\Desktop\17000149\q4.scala
WARN  no build target: c:\Users\SupremeNet\Desktop\17000149\q4.scala
WARN  no build target: c:\Users\SupremeNet\Desktop\17000149\q4.scala
WARN  no build target: c:\Users\SupremeNet\Desktop\17000149\q4.scala
WARN  no build target: c:\Users\SupremeNet\Desktop\17000149\q4.scala
WARN  no build target: c:\Users\SupremeNet\Desktop\17000149\q4.scala
WARN  no build target: c:\Users\SupremeNet\Desktop\17000149\q4.scala
WARN  no build target: c:\Users\SupremeNet\Desktop\17000149\q4.scala
WARN  no build target: c:\Users\SupremeNet\Desktop\17000149\q4.scala
WARN  no build target: c:\Users\SupremeNet\Desktop\17000149\q4.scala
WARN  no build target: c:\Users\SupremeNet\Desktop\17000149\q4.scala
WARN  no build target: c:\Users\SupremeNet\Desktop\17000149\q4.scala
WARN  no build target: c:\Users\SupremeNet\Desktop\17000149\q4.scala
WARN  no build target: c:\Users\SupremeNet\Desktop\17000149\q4.scala
WARN  no build target: c:\Users\SupremeNet\Desktop\17000149\q4.scala
WARN  no build target: c:\Users\SupremeNet\Desktop\17000149\q4.scala
WARN  no build target: c:\Users\SupremeNet\Desktop\17000149\q4.scala
WARN  no build target: c:\Users\SupremeNet\Desktop\17000149\q4.scala
WARN  no build target: c:\Users\SupremeNet\Desktop\17000149\q4.scala
WARN  no build target: c:\Users\SupremeNet\Desktop\17000149\q4.scala
WARN  no build target: c:\Users\SupremeNet\Desktop\17000149\q4.scala
WARN  no build target: c:\Users\SupremeNet\Desktop\17000149\q4.scala
WARN  no build target: c:\Users\SupremeNet\Desktop\17000149\q4.scala
WARN  no build target: c:\Users\SupremeNet\Desktop\17000149\q4.scala
WARN  no build target: c:\Users\SupremeNet\Desktop\17000149\q4.scala
WARN  no build target: c:\Users\SupremeNet\Desktop\17000149\q4.scala
WARN  no build target: c:\Users\SupremeNet\Desktop\17000149\q4.scala
WARN  no build target: c:\Users\SupremeNet\Desktop\17000149\q4.scala
WARN  no build target: c:\Users\SupremeNet\Desktop\17000149\q4.scala
WARN  no build target: c:\Users\SupremeNet\Desktop\17000149\q4.scala
WARN  no build target: c:\Users\SupremeNet\Desktop\17000149\q4.scala
WARN  no build target: c:\Users\SupremeNet\Desktop\17000149\q4.scala
WARN  no build target: c:\Users\SupremeNet\Desktop\17000149\q4.scala
WARN  no build target: c:\Users\SupremeNet\Desktop\17000149\q4.scala
WARN  no build target: c:\Users\SupremeNet\Desktop\17000149\q4.scala
WARN  no build target: c:\Users\SupremeNet\Desktop\17000149\q4.scala
WARN  no build target: c:\Users\SupremeNet\Desktop\17000149\q4.scala
WARN  no build target: c:\Users\SupremeNet\Desktop\17000149\q4.scala
WARN  no build target: c:\Users\SupremeNet\Desktop\17000149\q4.scala
WARN  no build target: c:\Users\SupremeNet\Desktop\17000149\q4.scala
WARN  no build target: c:\Users\SupremeNet\Desktop\17000149\q4.scala
WARN  no build target: c:\Users\SupremeNet\Desktop\17000149\q4.scala
WARN  no build target: c:\Users\SupremeNet\Desktop\17000149\q4.scala
WARN  no build target: c:\Users\SupremeNet\Desktop\17000149\q4.scala
WARN  no build target: c:\Users\SupremeNet\Desktop\17000149\q4.scala
WARN  no build target: c:\Users\SupremeNet\Desktop\17000149\q4.scala
WARN  no build target: c:\Users\SupremeNet\Desktop\17000149\q4.scala
WARN  no build target: c:\Users\SupremeNet\Desktop\17000149\q4.scala
WARN  no build target: c:\Users\SupremeNet\Desktop\17000149\q4.scala
WARN  no build target: c:\Users\SupremeNet\Desktop\17000149\q4.scala
WARN  no build target: c:\Users\SupremeNet\Desktop\17000149\q4.scala
WARN  no build target: c:\Users\SupremeNet\Desktop\17000149\q4.scala
WARN  no build target: c:\Users\SupremeNet\Desktop\17000149\q4.scala
WARN  no build target: c:\Users\SupremeNet\Desktop\17000149\q4.scala
WARN  no build target: c:\Users\SupremeNet\Desktop\17000149\q4.scala
WARN  no build target: c:\Users\SupremeNet\Desktop\17000149\q4.scala
WARN  no build target: c:\Users\SupremeNet\Desktop\17000149\q4.scala
WARN  no build target: c:\Users\SupremeNet\Desktop\17000149\q4.scala
WARN  no build target: c:\Users\SupremeNet\Desktop\17000149\q4.scala
WARN  no build target: c:\Users\SupremeNet\Desktop\17000149\q4.scala
WARN  no build target: c:\Users\SupremeNet\Desktop\17000149\q4.scala
WARN  no build target: c:\Users\SupremeNet\Desktop\17000149\q4.scala
WARN  no build target: c:\Users\SupremeNet\Desktop\17000149\q4.scala
WARN  no build target: c:\Users\SupremeNet\Desktop\17000149\q4.scala
WARN  no build tool detected in workspace 'c:\xampp\htdocs\rp-codeigniter'. The most common cause for this problem is that the editor was opened in the wrong working directory, for example if you use sbt then the workspace directory should contain build.sbt. 
WARN  no build target: c:\Users\SupremeNet\Desktop\17000149\q4.scala
WARN  no build target: c:\Users\SupremeNet\Desktop\17000149\q4.scala
WARN  no build target: c:\Users\SupremeNet\Desktop\17000149\q4.scala
WARN  no build target: c:\Users\SupremeNet\Desktop\17000149\q4.scala
WARN  no build target: c:\Users\SupremeNet\Desktop\17000149\q4.scala
WARN  no build target: c:\Users\SupremeNet\Desktop\17000149\q4.scala
WARN  no build target: c:\Users\SupremeNet\Desktop\17000149\q4.scala
INFO  shutting down Metals
INFO  time: initialize in 1.52s
WARN  no build tool detected in workspace 'c:\xampp\htdocs\rp-codeigniter'. The most common cause for this problem is that the editor was opened in the wrong working directory, for example if you use sbt then the workspace directory should contain build.sbt. 
INFO  time: initialize in 1.43s
WARN  no build tool detected in workspace 'c:\xampp\htdocs\rp-codeigniter'. The most common cause for this problem is that the editor was opened in the wrong working directory, for example if you use sbt then the workspace directory should contain build.sbt. 
INFO  shutting down Metals
INFO  time: initialize in 1.35s
WARN  no build tool detected in workspace 'c:\xampp\htdocs\rp-codeigniter'. The most common cause for this problem is that the editor was opened in the wrong working directory, for example if you use sbt then the workspace directory should contain build.sbt. 
